[12:45:24] [User Authenticator #5/INFO]: UUID of player Frieda is 0eea173c-c09d-3269-9a7c-ed21d6abcfba
[12:45:24] [Server thread/INFO]: Frieda joined the game
[12:45:24] [Server thread/INFO]: Frieda[/91.50.184.118:55012] logged in with entity id 794 at ([world]11.173746945107553, -60.0, 11.08125323850919)
[12:45:52] [Server thread/INFO]: Frieda issued server command: /teleport @s -532 -57 528
[12:46:55] [Server thread/INFO]: Frieda issued server command: /spawn
[12:47:08] [Server thread/INFO]: Frieda issued server command: /teleport @s 2412 10 3423
[12:47:17] [Server thread/INFO]: Frieda issued server command: /spawn
[12:47:27] [Server thread/INFO]: Frieda issued server command: /teleport @s 2186 -50 48
[12:47:45] [Server thread/INFO]: Frieda issued server command: /spawn
[12:47:56] [Server thread/INFO]: Frieda issued server command: /teleport @s 1 -54 114
[12:49:16] [Server thread/INFO]: Frieda lost connection: Timed out
[12:49:16] [Server thread/INFO]: Frieda left the game
[17:36:36] [Server thread/INFO]: Stopping server
[17:36:36] [Server thread/INFO]: [GSit] Disabling GSit v1.4.4
[17:36:36] [Server thread/INFO]: [GSit] Das Plugin wurde erfolgreich deaktiviert.
[17:36:36] [Server thread/INFO]: [SpawnPlugin] Disabling SpawnPlugin v1.0.0
[17:36:36] [Server thread/INFO]: [Test] Disabling Test v0.1
[17:36:36] [Server thread/INFO]: [WorldEdit] Disabling WorldEdit v7.2.14+6360-094b734
[17:36:36] [Server thread/INFO]: Unregistering com.sk89q.worldedit.bukkit.BukkitServerInterface from WorldEdit
[17:36:36] [Server thread/INFO]: Saving players
[17:36:36] [Server thread/INFO]: Saving worlds
[17:36:36] [Server thread/INFO]: Saving chunks for level 'ServerLevel[world]'/minecraft:overworld
[17:36:37] [Server thread/INFO]: Saving chunks for level 'ServerLevel[world_nether]'/minecraft:the_nether
[17:36:37] [Server thread/INFO]: Saving chunks for level 'ServerLevel[world_the_end]'/minecraft:the_end
[17:36:37] [Server thread/INFO]: ThreadedAnvilChunkStorage (world): All chunks are saved
[17:36:37] [Server thread/INFO]: ThreadedAnvilChunkStorage (DIM-1): All chunks are saved
[17:36:37] [Server thread/INFO]: ThreadedAnvilChunkStorage (DIM1): All chunks are saved
[17:36:37] [Server thread/INFO]: ThreadedAnvilChunkStorage: All dimensions are saved
[17:36:37] [Server thread/INFO]: Flushing Chunk IO
[17:36:37] [Server thread/INFO]: Closing Thread Pool
[17:36:37] [Server thread/INFO]: Closing Server
